  [1m[35m (0.8ms)[0m  [1m[35mCREATE DATABASE "temperatures_api_development" ENCODING = 'unicode'[0m
  [1m[35m (0.4ms)[0m  [1m[35mCREATE DATABASE "temperatures_api_test" ENCODING = 'unicode'[0m
  [1m[35m (1.0ms)[0m  [1m[35mCREATE DATABASE "temperatures_api_development" ENCODING = 'unicode'[0m
  [1m[35m (0.4ms)[0m  [1m[35mCREATE DATABASE "temperatures_api_test" ENCODING = 'unicode'[0m
  [1m[35m (16.3ms)[0m  [1m[35mCREATE TABLE "schema_migrations" ("version" character varying NOT NULL PRIMARY KEY)[0m
  [1m[35m (4.1ms)[0m  [1m[35mCREATE TABLE "ar_internal_metadata" ("key" character varying NOT NULL PRIMARY KEY, "value" character varying, "created_at" timestamp(6) NOT NULL, "updated_at" timestamp(6) NOT NULL)[0m
  [1m[35m (0.2ms)[0m  [1m[34mSELECT pg_try_advisory_lock(164586408472616235)[0m
  [1m[35m (0.7ms)[0m  [1m[34mSELECT "schema_migrations"."version" FROM "schema_migrations" ORDER BY "schema_migrations"."version" ASC[0m
Migrating to CreateLocations (20201126010748)
  [1m[35m (0.1ms)[0m  [1m[35mBEGIN[0m
  [1m[35m (8.2ms)[0m  [1m[35mCREATE TABLE "locations" ("id" bigserial primary key, "lat" decimal, "lng" decimal, "name" character varying, "created_at" timestamp(6) NOT NULL, "updated_at" timestamp(6) NOT NULL)[0m
  [1m[36mprimary::SchemaMigration Create (0.6ms)[0m  [1m[32mINSERT INTO "schema_migrations" ("version") VALUES ($1) RETURNING "version"[0m  [["version", "20201126010748"]]
  [1m[35m (0.3ms)[0m  [1m[35mCOMMIT[0m
Migrating to CreateTemperatures (20201126010830)
  [1m[35m (0.3ms)[0m  [1m[35mBEGIN[0m
  [1m[35m (4.2ms)[0m  [1m[35mCREATE TABLE "temperatures" ("id" bigserial primary key, "average_high_f" integer, "average_low_f" integer, "month" character varying, "created_at" timestamp(6) NOT NULL, "updated_at" timestamp(6) NOT NULL)[0m
  [1m[36mprimary::SchemaMigration Create (0.3ms)[0m  [1m[32mINSERT INTO "schema_migrations" ("version") VALUES ($1) RETURNING "version"[0m  [["version", "20201126010830"]]
  [1m[35m (0.3ms)[0m  [1m[35mCOMMIT[0m
Migrating to AddForeignKeyToTemperatures (20201126011705)
  [1m[35m (0.3ms)[0m  [1m[35mBEGIN[0m
  [1m[35m (5.3ms)[0m  [1m[35mALTER TABLE "temperatures" ADD "location_id" integer[0m
  [1m[36mprimary::SchemaMigration Create (0.3ms)[0m  [1m[32mINSERT INTO "schema_migrations" ("version") VALUES ($1) RETURNING "version"[0m  [["version", "20201126011705"]]
  [1m[35m (0.5ms)[0m  [1m[35mCOMMIT[0m
  [1m[36mActiveRecord::InternalMetadata Load (0.3ms)[0m  [1m[34mSELECT "ar_internal_metadata".* FROM "ar_internal_metadata" WHERE "ar_internal_metadata"."key" = $1 LIMIT $2[0m  [["key", "environment"], ["LIMIT", 1]]
  [1m[35m (0.1ms)[0m  [1m[35mBEGIN[0m
  [1m[36mActiveRecord::InternalMetadata Create (1.0ms)[0m  [1m[32mINSERT INTO "ar_internal_metadata" ("key", "value", "created_at", "updated_at") VALUES ($1, $2, $3, $4) RETURNING "key"[0m  [["key", "environment"], ["value", "development"], ["created_at", "2020-11-26 01:21:10.631365"], ["updated_at", "2020-11-26 01:21:10.631365"]]
  [1m[35m (0.3ms)[0m  [1m[35mCOMMIT[0m
  [1m[35m (2.3ms)[0m  [1m[34mSELECT pg_advisory_unlock(164586408472616235)[0m
  [1m[35m (0.8ms)[0m  [1m[34mSELECT "schema_migrations"."version" FROM "schema_migrations" ORDER BY "schema_migrations"."version" ASC[0m
  [1m[35m (1.0ms)[0m  [1m[34mSELECT "schema_migrations"."version" FROM "schema_migrations" ORDER BY "schema_migrations"."version" ASC[0m
  [1m[35m (0.7ms)[0m  [1m[34mSELECT "schema_migrations"."version" FROM "schema_migrations" ORDER BY "schema_migrations"."version" ASC[0m
  [1m[35m (0.2ms)[0m  [1m[35mBEGIN[0m
  [1m[36mLocation Create (4.0ms)[0m  [1m[32mINSERT INTO "locations" ("lat", "lng", "name", "created_at", "updated_at") VALUES ($1, $2, $3, $4, $5) RETURNING "id"[0m  [["lat", "40.7128"], ["lng", "74.0059"], ["name", "New York City"], ["created_at", "2020-11-26 01:50:22.149756"], ["updated_at", "2020-11-26 01:50:22.149756"]]
  [1m[35m (0.8ms)[0m  [1m[35mCOMMIT[0m
  [1m[35m (0.1ms)[0m  [1m[35mBEGIN[0m
  [1m[36mLocation Create (0.3ms)[0m  [1m[32mINSERT INTO "locations" ("lat", "lng", "name", "created_at", "updated_at") VALUES ($1, $2, $3, $4, $5) RETURNING "id"[0m  [["lat", "78.2232"], ["lng", "15.6267"], ["name", "LongYearByen"], ["created_at", "2020-11-26 01:50:22.158080"], ["updated_at", "2020-11-26 01:50:22.158080"]]
  [1m[35m (0.3ms)[0m  [1m[35mCOMMIT[0m
  [1m[35m (0.1ms)[0m  [1m[35mBEGIN[0m
  [1m[36mLocation Load (0.4ms)[0m  [1m[34mSELECT "locations".* FROM "locations" WHERE "locations"."id" = $1 LIMIT $2[0m  [["id", 1], ["LIMIT", 1]]
  [1m[36mTemperature Create (1.3ms)[0m  [1m[32mINSERT INTO "temperatures" ("average_high_f", "average_low_f", "month", "created_at", "updated_at", "location_id") VALUES ($1, $2, $3, $4, $5, $6) RETURNING "id"[0m  [["average_high_f", 39], ["average_low_f", 26], ["month", "January"], ["created_at", "2020-11-26 01:50:22.190727"], ["updated_at", "2020-11-26 01:50:22.190727"], ["location_id", 1]]
  [1m[35m (0.2ms)[0m  [1m[35mCOMMIT[0m
  [1m[35m (0.1ms)[0m  [1m[35mBEGIN[0m
  [1m[36mLocation Load (0.3ms)[0m  [1m[34mSELECT "locations".* FROM "locations" WHERE "locations"."id" = $1 LIMIT $2[0m  [["id", 1], ["LIMIT", 1]]
  [1m[36mTemperature Create (0.2ms)[0m  [1m[32mINSERT INTO "temperatures" ("average_high_f", "average_low_f", "month", "created_at", "updated_at", "location_id") VALUES ($1, $2, $3, $4, $5, $6) RETURNING "id"[0m  [["average_high_f", 42], ["average_low_f", 29], ["month", "February"], ["created_at", "2020-11-26 01:50:22.197018"], ["updated_at", "2020-11-26 01:50:22.197018"], ["location_id", 1]]
  [1m[35m (0.3ms)[0m  [1m[35mCOMMIT[0m
  [1m[35m (0.1ms)[0m  [1m[35mBEGIN[0m
  [1m[36mLocation Load (0.2ms)[0m  [1m[34mSELECT "locations".* FROM "locations" WHERE "locations"."id" = $1 LIMIT $2[0m  [["id", 1], ["LIMIT", 1]]
  [1m[36mTemperature Create (0.2ms)[0m  [1m[32mINSERT INTO "temperatures" ("average_high_f", "average_low_f", "month", "created_at", "updated_at", "location_id") VALUES ($1, $2, $3, $4, $5, $6) RETURNING "id"[0m  [["average_high_f", 50], ["average_low_f", 35], ["month", "March"], ["created_at", "2020-11-26 01:50:22.201871"], ["updated_at", "2020-11-26 01:50:22.201871"], ["location_id", 1]]
  [1m[35m (0.3ms)[0m  [1m[35mCOMMIT[0m
  [1m[35m (0.2ms)[0m  [1m[35mBEGIN[0m
  [1m[36mLocation Load (0.2ms)[0m  [1m[34mSELECT "locations".* FROM "locations" WHERE "locations"."id" = $1 LIMIT $2[0m  [["id", 1], ["LIMIT", 1]]
  [1m[36mTemperature Create (0.4ms)[0m  [1m[32mINSERT INTO "temperatures" ("average_high_f", "average_low_f", "month", "created_at", "updated_at", "location_id") VALUES ($1, $2, $3, $4, $5, $6) RETURNING "id"[0m  [["average_high_f", 61], ["average_low_f", 45], ["month", "April"], ["created_at", "2020-11-26 01:50:22.207403"], ["updated_at", "2020-11-26 01:50:22.207403"], ["location_id", 1]]
  [1m[35m (0.3ms)[0m  [1m[35mCOMMIT[0m
  [1m[35m (0.2ms)[0m  [1m[35mBEGIN[0m
  [1m[36mLocation Load (0.2ms)[0m  [1m[34mSELECT "locations".* FROM "locations" WHERE "locations"."id" = $1 LIMIT $2[0m  [["id", 1], ["LIMIT", 1]]
  [1m[36mTemperature Create (0.4ms)[0m  [1m[32mINSERT INTO "temperatures" ("average_high_f", "average_low_f", "month", "created_at", "updated_at", "location_id") VALUES ($1, $2, $3, $4, $5, $6) RETURNING "id"[0m  [["average_high_f", 71], ["average_low_f", 54], ["month", "May"], ["created_at", "2020-11-26 01:50:22.218775"], ["updated_at", "2020-11-26 01:50:22.218775"], ["location_id", 1]]
  [1m[35m (0.3ms)[0m  [1m[35mCOMMIT[0m
  [1m[35m (0.1ms)[0m  [1m[35mBEGIN[0m
  [1m[36mLocation Load (0.3ms)[0m  [1m[34mSELECT "locations".* FROM "locations" WHERE "locations"."id" = $1 LIMIT $2[0m  [["id", 1], ["LIMIT", 1]]
  [1m[36mTemperature Create (0.5ms)[0m  [1m[32mINSERT INTO "temperatures" ("average_high_f", "average_low_f", "month", "created_at", "updated_at", "location_id") VALUES ($1, $2, $3, $4, $5, $6) RETURNING "id"[0m  [["average_high_f", 79], ["average_low_f", 64], ["month", "June"], ["created_at", "2020-11-26 01:50:22.223838"], ["updated_at", "2020-11-26 01:50:22.223838"], ["location_id", 1]]
  [1m[35m (0.3ms)[0m  [1m[35mCOMMIT[0m
  [1m[35m (0.1ms)[0m  [1m[35mBEGIN[0m
  [1m[36mLocation Load (0.1ms)[0m  [1m[34mSELECT "locations".* FROM "locations" WHERE "locations"."id" = $1 LIMIT $2[0m  [["id", 1], ["LIMIT", 1]]
  [1m[36mTemperature Create (0.3ms)[0m  [1m[32mINSERT INTO "temperatures" ("average_high_f", "average_low_f", "month", "created_at", "updated_at", "location_id") VALUES ($1, $2, $3, $4, $5, $6) RETURNING "id"[0m  [["average_high_f", 84], ["average_low_f", 69], ["month", "July"], ["created_at", "2020-11-26 01:50:22.229163"], ["updated_at", "2020-11-26 01:50:22.229163"], ["location_id", 1]]
  [1m[35m (0.3ms)[0m  [1m[35mCOMMIT[0m
  [1m[35m (0.1ms)[0m  [1m[35mBEGIN[0m
  [1m[36mLocation Load (0.1ms)[0m  [1m[34mSELECT "locations".* FROM "locations" WHERE "locations"."id" = $1 LIMIT $2[0m  [["id", 1], ["LIMIT", 1]]
  [1m[36mTemperature Create (0.3ms)[0m  [1m[32mINSERT INTO "temperatures" ("average_high_f", "average_low_f", "month", "created_at", "updated_at", "location_id") VALUES ($1, $2, $3, $4, $5, $6) RETURNING "id"[0m  [["average_high_f", 83], ["average_low_f", 68], ["month", "August"], ["created_at", "2020-11-26 01:50:22.233909"], ["updated_at", "2020-11-26 01:50:22.233909"], ["location_id", 1]]
  [1m[35m (0.3ms)[0m  [1m[35mCOMMIT[0m
  [1m[35m (0.1ms)[0m  [1m[35mBEGIN[0m
  [1m[36mLocation Load (0.1ms)[0m  [1m[34mSELECT "locations".* FROM "locations" WHERE "locations"."id" = $1 LIMIT $2[0m  [["id", 1], ["LIMIT", 1]]
  [1m[36mTemperature Create (0.4ms)[0m  [1m[32mINSERT INTO "temperatures" ("average_high_f", "average_low_f", "month", "created_at", "updated_at", "location_id") VALUES ($1, $2, $3, $4, $5, $6) RETURNING "id"[0m  [["average_high_f", 75], ["average_low_f", 61], ["month", "September"], ["created_at", "2020-11-26 01:50:22.238430"], ["updated_at", "2020-11-26 01:50:22.238430"], ["location_id", 1]]
  [1m[35m (0.3ms)[0m  [1m[35mCOMMIT[0m
  [1m[35m (0.1ms)[0m  [1m[35mBEGIN[0m
  [1m[36mLocation Load (0.2ms)[0m  [1m[34mSELECT "locations".* FROM "locations" WHERE "locations"."id" = $1 LIMIT $2[0m  [["id", 1], ["LIMIT", 1]]
  [1m[36mTemperature Create (0.5ms)[0m  [1m[32mINSERT INTO "temperatures" ("average_high_f", "average_low_f", "month", "created_at", "updated_at", "location_id") VALUES ($1, $2, $3, $4, $5, $6) RETURNING "id"[0m  [["average_high_f", 64], ["average_low_f", 50], ["month", "October"], ["created_at", "2020-11-26 01:50:22.243752"], ["updated_at", "2020-11-26 01:50:22.243752"], ["location_id", 1]]
  [1m[35m (0.3ms)[0m  [1m[35mCOMMIT[0m
  [1m[35m (0.1ms)[0m  [1m[35mBEGIN[0m
  [1m[36mLocation Load (0.1ms)[0m  [1m[34mSELECT "locations".* FROM "locations" WHERE "locations"."id" = $1 LIMIT $2[0m  [["id", 1], ["LIMIT", 1]]
  [1m[36mTemperature Create (0.3ms)[0m  [1m[32mINSERT INTO "temperatures" ("average_high_f", "average_low_f", "month", "created_at", "updated_at", "location_id") VALUES ($1, $2, $3, $4, $5, $6) RETURNING "id"[0m  [["average_high_f", 54], ["average_low_f", 42], ["month", "November"], ["created_at", "2020-11-26 01:50:22.248783"], ["updated_at", "2020-11-26 01:50:22.248783"], ["location_id", 1]]
  [1m[35m (0.3ms)[0m  [1m[35mCOMMIT[0m
  [1m[35m (0.1ms)[0m  [1m[35mBEGIN[0m
  [1m[36mLocation Load (0.2ms)[0m  [1m[34mSELECT "locations".* FROM "locations" WHERE "locations"."id" = $1 LIMIT $2[0m  [["id", 1], ["LIMIT", 1]]
  [1m[36mTemperature Create (0.2ms)[0m  [1m[32mINSERT INTO "temperatures" ("average_high_f", "average_low_f", "month", "created_at", "updated_at", "location_id") VALUES ($1, $2, $3, $4, $5, $6) RETURNING "id"[0m  [["average_high_f", 48], ["average_low_f", 43], ["month", "December"], ["created_at", "2020-11-26 01:50:22.253596"], ["updated_at", "2020-11-26 01:50:22.253596"], ["location_id", 1]]
  [1m[35m (0.3ms)[0m  [1m[35mCOMMIT[0m
  [1m[35m (0.1ms)[0m  [1m[35mBEGIN[0m
  [1m[36mLocation Load (0.2ms)[0m  [1m[34mSELECT "locations".* FROM "locations" WHERE "locations"."id" = $1 LIMIT $2[0m  [["id", 2], ["LIMIT", 1]]
  [1m[36mTemperature Create (0.4ms)[0m  [1m[32mINSERT INTO "temperatures" ("average_high_f", "average_low_f", "month", "created_at", "updated_at", "location_id") VALUES ($1, $2, $3, $4, $5, $6) RETURNING "id"[0m  [["average_high_f", -6], ["average_low_f", -12], ["month", "January"], ["created_at", "2020-11-26 01:50:22.258148"], ["updated_at", "2020-11-26 01:50:22.258148"], ["location_id", 2]]
  [1m[35m (0.3ms)[0m  [1m[35mCOMMIT[0m
  [1m[36mLocation Load (0.4ms)[0m  [1m[34mSELECT "locations".* FROM "locations" LIMIT $1[0m  [["LIMIT", 11]]
  [1m[36mLocation Load (0.4ms)[0m  [1m[34mSELECT "locations".* FROM "locations"[0m
  [1m[35m (4.4ms)[0m  [1m[34mSELECT COUNT(*) FROM "locations"[0m
  [1m[35m (0.9ms)[0m  [1m[34mSELECT "schema_migrations"."version" FROM "schema_migrations" ORDER BY "schema_migrations"."version" ASC[0m
  [1m[35m (0.5ms)[0m  [1m[34mSELECT COUNT(*) FROM "locations"[0m
  [1m[35m (0.4ms)[0m  [1m[34mSELECT COUNT(*) FROM "temperatures"[0m
Started GET "/temperatures" for ::1 at 2020-11-25 21:05:57 -0500
  [1m[35m (0.9ms)[0m  [1m[34mSELECT "schema_migrations"."version" FROM "schema_migrations" ORDER BY "schema_migrations"."version" ASC[0m
Processing by TemperaturesController#index as HTML
  [1m[36mTemperature Load (0.7ms)[0m  [1m[34mSELECT "temperatures".* FROM "temperatures"[0m
  ↳ app/controllers/temperatures_controller.rb:8:in `index'
Completed 200 OK in 21ms (Views: 10.4ms | ActiveRecord: 7.2ms | Allocations: 7398)


Started GET "/locations" for ::1 at 2020-11-25 21:06:03 -0500
Processing by LocationsController#index as HTML
  [1m[36mLocation Load (1.3ms)[0m  [1m[34mSELECT "locations".* FROM "locations"[0m
  ↳ app/controllers/locations_controller.rb:8:in `index'
Completed 200 OK in 19ms (Views: 8.0ms | ActiveRecord: 6.8ms | Allocations: 5273)


Started GET "/moeroutes" for ::1 at 2020-11-25 21:08:02 -0500
  
ActionController::RoutingError (No route matches [GET] "/moeroutes"):
  
actionpack (6.0.3.4) lib/action_dispatch/middleware/debug_exceptions.rb:36:in `call'
actionpack (6.0.3.4) lib/action_dispatch/middleware/show_exceptions.rb:33:in `call'
railties (6.0.3.4) lib/rails/rack/logger.rb:37:in `call_app'
railties (6.0.3.4) lib/rails/rack/logger.rb:26:in `block in call'
activesupport (6.0.3.4) lib/active_support/tagged_logging.rb:80:in `block in tagged'
activesupport (6.0.3.4) lib/active_support/tagged_logging.rb:28:in `tagged'
activesupport (6.0.3.4) lib/active_support/tagged_logging.rb:80:in `tagged'
railties (6.0.3.4) lib/rails/rack/logger.rb:26:in `call'
actionpack (6.0.3.4) lib/action_dispatch/middleware/remote_ip.rb:81:in `call'
actionpack (6.0.3.4) lib/action_dispatch/middleware/request_id.rb:27:in `call'
rack (2.2.3) lib/rack/runtime.rb:22:in `call'
activesupport (6.0.3.4) lib/active_support/cache/strategy/local_cache_middleware.rb:29:in `call'
actionpack (6.0.3.4) lib/action_dispatch/middleware/executor.rb:14:in `call'
actionpack (6.0.3.4) lib/action_dispatch/middleware/static.rb:126:in `call'
rack (2.2.3) lib/rack/sendfile.rb:110:in `call'
actionpack (6.0.3.4) lib/action_dispatch/middleware/host_authorization.rb:82:in `call'
railties (6.0.3.4) lib/rails/engine.rb:527:in `call'
puma (4.3.6) lib/puma/configuration.rb:228:in `call'
puma (4.3.6) lib/puma/server.rb:713:in `handle_request'
puma (4.3.6) lib/puma/server.rb:472:in `process_client'
puma (4.3.6) lib/puma/server.rb:328:in `block in run'
puma (4.3.6) lib/puma/thread_pool.rb:134:in `block in spawn_thread'
Started GET "/locations" for ::1 at 2020-11-25 21:24:46 -0500
  [1m[35m (0.7ms)[0m  [1m[34mSELECT "schema_migrations"."version" FROM "schema_migrations" ORDER BY "schema_migrations"."version" ASC[0m
  
SyntaxError (/Users/moefarid/Desktop/Ruby/temperatures_api/app/controllers/locations_controller.rb:22: syntax error, unexpected end-of-input, expecting `end'):
  
app/controllers/locations_controller.rb:22: syntax error, unexpected end-of-input, expecting `end'
app/controllers/locations_controller.rb:22: syntax error, unexpected end-of-input, expecting `end'
Started GET "/locations/1" for ::1 at 2020-11-25 21:24:57 -0500
  
ActionController::RoutingError (uninitialized constant LocationsController
Did you mean?  ActionController):
  
actionpack (6.0.3.4) lib/action_dispatch/http/request.rb:92:in `rescue in controller_class_for'
actionpack (6.0.3.4) lib/action_dispatch/http/request.rb:88:in `controller_class_for'
actionpack (6.0.3.4) lib/action_dispatch/http/request.rb:81:in `controller_class'
actionpack (6.0.3.4) lib/action_dispatch/routing/route_set.rb:44:in `controller'
actionpack (6.0.3.4) lib/action_dispatch/routing/route_set.rb:31:in `serve'
actionpack (6.0.3.4) lib/action_dispatch/journey/router.rb:49:in `block in serve'
actionpack (6.0.3.4) lib/action_dispatch/journey/router.rb:32:in `each'
actionpack (6.0.3.4) lib/action_dispatch/journey/router.rb:32:in `serve'
actionpack (6.0.3.4) lib/action_dispatch/routing/route_set.rb:834:in `call'
rack (2.2.3) lib/rack/etag.rb:27:in `call'
rack (2.2.3) lib/rack/conditional_get.rb:27:in `call'
rack (2.2.3) lib/rack/head.rb:12:in `call'
activerecord (6.0.3.4) lib/active_record/migration.rb:567:in `call'
actionpack (6.0.3.4) lib/action_dispatch/middleware/callbacks.rb:27:in `block in call'
activesupport (6.0.3.4) lib/active_support/callbacks.rb:101:in `run_callbacks'
actionpack (6.0.3.4) lib/action_dispatch/middleware/callbacks.rb:26:in `call'
actionpack (6.0.3.4) lib/action_dispatch/middleware/executor.rb:14:in `call'
actionpack (6.0.3.4) lib/action_dispatch/middleware/actionable_exceptions.rb:18:in `call'
actionpack (6.0.3.4) lib/action_dispatch/middleware/debug_exceptions.rb:32:in `call'
actionpack (6.0.3.4) lib/action_dispatch/middleware/show_exceptions.rb:33:in `call'
railties (6.0.3.4) lib/rails/rack/logger.rb:37:in `call_app'
railties (6.0.3.4) lib/rails/rack/logger.rb:26:in `block in call'
activesupport (6.0.3.4) lib/active_support/tagged_logging.rb:80:in `block in tagged'
activesupport (6.0.3.4) lib/active_support/tagged_logging.rb:28:in `tagged'
activesupport (6.0.3.4) lib/active_support/tagged_logging.rb:80:in `tagged'
railties (6.0.3.4) lib/rails/rack/logger.rb:26:in `call'
actionpack (6.0.3.4) lib/action_dispatch/middleware/remote_ip.rb:81:in `call'
actionpack (6.0.3.4) lib/action_dispatch/middleware/request_id.rb:27:in `call'
rack (2.2.3) lib/rack/runtime.rb:22:in `call'
activesupport (6.0.3.4) lib/active_support/cache/strategy/local_cache_middleware.rb:29:in `call'
actionpack (6.0.3.4) lib/action_dispatch/middleware/executor.rb:14:in `call'
actionpack (6.0.3.4) lib/action_dispatch/middleware/static.rb:126:in `call'
rack (2.2.3) lib/rack/sendfile.rb:110:in `call'
actionpack (6.0.3.4) lib/action_dispatch/middleware/host_authorization.rb:82:in `call'
railties (6.0.3.4) lib/rails/engine.rb:527:in `call'
puma (4.3.6) lib/puma/configuration.rb:228:in `call'
puma (4.3.6) lib/puma/server.rb:713:in `handle_request'
puma (4.3.6) lib/puma/server.rb:472:in `process_client'
puma (4.3.6) lib/puma/server.rb:328:in `block in run'
puma (4.3.6) lib/puma/thread_pool.rb:134:in `block in spawn_thread'
Started GET "/locations/1" for ::1 at 2020-11-25 21:26:43 -0500
  
SyntaxError (/Users/moefarid/Desktop/Ruby/temperatures_api/app/controllers/locations_controller.rb:22: syntax error, unexpected end-of-input, expecting `end'):
  
app/controllers/locations_controller.rb:22: syntax error, unexpected end-of-input, expecting `end'
app/controllers/locations_controller.rb:22: syntax error, unexpected end-of-input, expecting `end'
Started GET "/locations/1" for ::1 at 2020-11-25 21:27:54 -0500
  [1m[35m (0.8ms)[0m  [1m[34mSELECT "schema_migrations"."version" FROM "schema_migrations" ORDER BY "schema_migrations"."version" ASC[0m
  
SyntaxError (/Users/moefarid/Desktop/Ruby/temperatures_api/app/controllers/locations_controller.rb:22: syntax error, unexpected end-of-input, expecting `end'):
  
app/controllers/locations_controller.rb:22: syntax error, unexpected end-of-input, expecting `end'
app/controllers/locations_controller.rb:22: syntax error, unexpected end-of-input, expecting `end'
Started GET "/locations/1" for ::1 at 2020-11-25 21:28:19 -0500
Processing by LocationsController#show as HTML
  Parameters: {"id"=>"1"}
  [1m[36mLocation Load (0.5ms)[0m  [1m[34mSELECT "locations".* FROM "locations" WHERE "locations"."id" = $1 LIMIT $2[0m  [["id", 1], ["LIMIT", 1]]
  ↳ app/controllers/locations_controller.rb:19:in `set_location'
  [1m[36mTemperature Load (0.4ms)[0m  [1m[34mSELECT "temperatures".* FROM "temperatures" WHERE "temperatures"."location_id" = $1[0m  [["location_id", 1]]
  ↳ app/controllers/locations_controller.rb:13:in `show'
Completed 200 OK in 53ms (Views: 0.2ms | ActiveRecord: 12.7ms | Allocations: 15884)


Started GET "/locations/2" for ::1 at 2020-11-25 21:28:39 -0500
Processing by LocationsController#show as HTML
  Parameters: {"id"=>"2"}
  [1m[36mLocation Load (0.4ms)[0m  [1m[34mSELECT "locations".* FROM "locations" WHERE "locations"."id" = $1 LIMIT $2[0m  [["id", 2], ["LIMIT", 1]]
  ↳ app/controllers/locations_controller.rb:19:in `set_location'
  [1m[36mTemperature Load (1.1ms)[0m  [1m[34mSELECT "temperatures".* FROM "temperatures" WHERE "temperatures"."location_id" = $1[0m  [["location_id", 2]]
  ↳ app/controllers/locations_controller.rb:13:in `show'
Completed 200 OK in 5ms (Views: 0.1ms | ActiveRecord: 1.4ms | Allocations: 1695)


Started GET "/locations/" for ::1 at 2020-11-25 21:28:44 -0500
Processing by LocationsController#index as HTML
  [1m[36mLocation Load (0.2ms)[0m  [1m[34mSELECT "locations".* FROM "locations" LIMIT $1[0m  [["LIMIT", 11]]
Completed 500 Internal Server Error in 50ms (ActiveRecord: 0.0ms | Allocations: 31688)


  [1m[36mCACHE Location Load (0.0ms)[0m  [1m[34mSELECT "locations".* FROM "locations" LIMIT $1[0m  [["LIMIT", 11]]
  
NoMethodError (undefined method `include' for #<LocationsController:0x00007ffdd142e768>):
  
app/controllers/locations_controller.rb:8:in `index'
Started GET "/locations/1" for ::1 at 2020-11-25 21:28:48 -0500
Processing by LocationsController#show as HTML
  Parameters: {"id"=>"1"}
  [1m[36mLocation Load (0.4ms)[0m  [1m[34mSELECT "locations".* FROM "locations" WHERE "locations"."id" = $1 LIMIT $2[0m  [["id", 1], ["LIMIT", 1]]
  ↳ app/controllers/locations_controller.rb:19:in `set_location'
  [1m[36mTemperature Load (0.4ms)[0m  [1m[34mSELECT "temperatures".* FROM "temperatures" WHERE "temperatures"."location_id" = $1[0m  [["location_id", 1]]
  ↳ app/controllers/locations_controller.rb:13:in `show'
Completed 200 OK in 6ms (Views: 0.1ms | ActiveRecord: 0.8ms | Allocations: 2989)


Started GET "/locations/2" for ::1 at 2020-11-25 21:29:02 -0500
Processing by LocationsController#show as HTML
  Parameters: {"id"=>"2"}
  [1m[36mLocation Load (0.3ms)[0m  [1m[34mSELECT "locations".* FROM "locations" WHERE "locations"."id" = $1 LIMIT $2[0m  [["id", 2], ["LIMIT", 1]]
  ↳ app/controllers/locations_controller.rb:19:in `set_location'
  [1m[36mTemperature Load (0.3ms)[0m  [1m[34mSELECT "temperatures".* FROM "temperatures" WHERE "temperatures"."location_id" = $1[0m  [["location_id", 2]]
  ↳ app/controllers/locations_controller.rb:13:in `show'
Completed 200 OK in 4ms (Views: 0.1ms | ActiveRecord: 0.6ms | Allocations: 1677)


Started GET "/locations/3" for ::1 at 2020-11-25 21:29:05 -0500
Processing by LocationsController#show as HTML
  Parameters: {"id"=>"3"}
  [1m[36mLocation Load (2.1ms)[0m  [1m[34mSELECT "locations".* FROM "locations" WHERE "locations"."id" = $1 LIMIT $2[0m  [["id", 3], ["LIMIT", 1]]
  ↳ app/controllers/locations_controller.rb:19:in `set_location'
Completed 404 Not Found in 6ms (ActiveRecord: 2.1ms | Allocations: 625)


  
ActiveRecord::RecordNotFound (Couldn't find Location with 'id'=3):
  
app/controllers/locations_controller.rb:19:in `set_location'
Started GET "/locations/2" for ::1 at 2020-11-25 21:29:08 -0500
Processing by LocationsController#show as HTML
  Parameters: {"id"=>"2"}
  [1m[36mLocation Load (0.3ms)[0m  [1m[34mSELECT "locations".* FROM "locations" WHERE "locations"."id" = $1 LIMIT $2[0m  [["id", 2], ["LIMIT", 1]]
  ↳ app/controllers/locations_controller.rb:19:in `set_location'
  [1m[36mTemperature Load (0.3ms)[0m  [1m[34mSELECT "temperatures".* FROM "temperatures" WHERE "temperatures"."location_id" = $1[0m  [["location_id", 2]]
  ↳ app/controllers/locations_controller.rb:13:in `show'
Completed 200 OK in 4ms (Views: 0.3ms | ActiveRecord: 0.7ms | Allocations: 1676)


